[debug] [2024-01-10T21:49:08.639Z] ----------------------------------------------------------------------
[debug] [2024-01-10T21:49:08.641Z] Command:       C:\Program Files\nodejs\node.exe C:\Users\cubad\AppData\Roaming\npm\node_modules\firebase-tools\lib\bin\firebase.js deploy
[debug] [2024-01-10T21:49:08.641Z] CLI Version:   13.0.3
[debug] [2024-01-10T21:49:08.642Z] Platform:      win32
[debug] [2024-01-10T21:49:08.642Z] Node Version:  v18.16.0
[debug] [2024-01-10T21:49:08.643Z] Time:          Wed Jan 10 2024 15:49:08 GMT-0600 (Central Standard Time)
[debug] [2024-01-10T21:49:08.643Z] ----------------------------------------------------------------------
[debug] 
[debug] [2024-01-10T21:49:08.708Z] > command requires scopes: ["email","openid","https://www.googleapis.com/auth/cloudplatformprojects.readonly","https://www.googleapis.com/auth/firebase","https://www.googleapis.com/auth/cloud-platform"]
[debug] [2024-01-10T21:49:08.709Z] > authorizing via signed-in user (cubadox@gmail.com)
[debug] [2024-01-10T21:49:08.709Z] [iam] checking project focus-ensign-410701 for permissions ["firebase.projects.get","firebasehosting.sites.update"]
[debug] [2024-01-10T21:49:08.711Z] >>> [apiv2][query] POST https://cloudresourcemanager.googleapis.com/v1/projects/focus-ensign-410701:testIamPermissions [none]
[debug] [2024-01-10T21:49:08.711Z] >>> [apiv2][(partial)header] POST https://cloudresourcemanager.googleapis.com/v1/projects/focus-ensign-410701:testIamPermissions x-goog-quota-user=projects/focus-ensign-410701
[debug] [2024-01-10T21:49:08.712Z] >>> [apiv2][body] POST https://cloudresourcemanager.googleapis.com/v1/projects/focus-ensign-410701:testIamPermissions {"permissions":["firebase.projects.get","firebasehosting.sites.update"]}
[debug] [2024-01-10T21:49:09.036Z] <<< [apiv2][status] POST https://cloudresourcemanager.googleapis.com/v1/projects/focus-ensign-410701:testIamPermissions 200
[debug] [2024-01-10T21:49:09.037Z] <<< [apiv2][body] POST https://cloudresourcemanager.googleapis.com/v1/projects/focus-ensign-410701:testIamPermissions {"permissions":["firebase.projects.get","firebasehosting.sites.update"]}
[debug] [2024-01-10T21:49:09.038Z] >>> [apiv2][query] GET https://firebase.googleapis.com/v1beta1/projects/focus-ensign-410701 [none]
[debug] [2024-01-10T21:49:09.230Z] <<< [apiv2][status] GET https://firebase.googleapis.com/v1beta1/projects/focus-ensign-410701 200
[debug] [2024-01-10T21:49:09.231Z] <<< [apiv2][body] GET https://firebase.googleapis.com/v1beta1/projects/focus-ensign-410701 {"projectId":"focus-ensign-410701","projectNumber":"935894316426","displayName":"RealPractice","name":"projects/focus-ensign-410701","resources":{"hostingSite":"focus-ensign-410701","realtimeDatabaseInstance":"focus-ensign-410701-default-rtdb"},"state":"ACTIVE","etag":"1_ce2c6337-ea78-4c65-be71-7c8fcb2800c6"}
[debug] [2024-01-10T21:49:13.564Z] >>> [apiv2][query] GET https://firebasehosting.googleapis.com/v1beta1/projects/focus-ensign-410701/sites pageToken=&pageSize=10
[debug] [2024-01-10T21:49:14.351Z] <<< [apiv2][status] GET https://firebasehosting.googleapis.com/v1beta1/projects/focus-ensign-410701/sites 200
[debug] [2024-01-10T21:49:14.352Z] <<< [apiv2][body] GET https://firebasehosting.googleapis.com/v1beta1/projects/focus-ensign-410701/sites {"sites":[{"name":"projects/focus-ensign-410701/sites/focus-ensign-410701","defaultUrl":"https://focus-ensign-410701.web.app","appId":"1:935894316426:web:ae8e9bf19cddf509694473","type":"DEFAULT_SITE"}]}
[debug] [2024-01-10T21:49:14.352Z] >>> [apiv2][query] GET https://firebase.googleapis.com/v1beta1/projects/-/webApps/1:935894316426:web:ae8e9bf19cddf509694473/config [none]
[debug] [2024-01-10T21:49:14.616Z] <<< [apiv2][status] GET https://firebase.googleapis.com/v1beta1/projects/-/webApps/1:935894316426:web:ae8e9bf19cddf509694473/config 200
[debug] [2024-01-10T21:49:14.617Z] <<< [apiv2][body] GET https://firebase.googleapis.com/v1beta1/projects/-/webApps/1:935894316426:web:ae8e9bf19cddf509694473/config {"projectId":"focus-ensign-410701","appId":"1:935894316426:web:ae8e9bf19cddf509694473","databaseURL":"https://focus-ensign-410701-default-rtdb.firebaseio.com","storageBucket":"focus-ensign-410701.appspot.com","apiKey":"AIzaSyDQIQM98n6wuY-bPhh_Rdj5oTrHAdJT-H8","authDomain":"focus-ensign-410701.firebaseapp.com","messagingSenderId":"935894316426","measurementId":"G-9RSPP8HSER"}
[info] 
   Thank you for trying our early preview of Next.js support on Firebase Hosting.
   During the preview, support is best-effort and breaking changes can be expected. Proceed with caution.

   Documentation: https://firebase.google.com/docs/hosting/frameworks/nextjs
   File a bug: https://github.com/firebase/firebase-tools/issues/new?template=bug_report.md
   Submit a feature request: https://github.com/firebase/firebase-tools/issues/new?template=feature_request.md

   We'd love to learn from you. Express your interest in helping us shape the future of Firebase Hosting: https://goo.gle/41enW5X

[debug] [2024-01-10T21:49:23.181Z] >>> [apiv2][query] GET https://firebasehosting.googleapis.com/v1beta1/projects/focus-ensign-410701/sites/focus-ensign-410701 [none]
[debug] [2024-01-10T21:49:23.667Z] <<< [apiv2][status] GET https://firebasehosting.googleapis.com/v1beta1/projects/focus-ensign-410701/sites/focus-ensign-410701 200
[debug] [2024-01-10T21:49:23.667Z] <<< [apiv2][body] GET https://firebasehosting.googleapis.com/v1beta1/projects/focus-ensign-410701/sites/focus-ensign-410701 {"name":"projects/focus-ensign-410701/sites/focus-ensign-410701","defaultUrl":"https://focus-ensign-410701.web.app","appId":"1:935894316426:web:ae8e9bf19cddf509694473","type":"DEFAULT_SITE"}
[info] You are using Node.js 18.16.0. For Next.js, Node.js version >= v18.17.0 is required.

[debug] [2024-01-10T21:49:23.933Z] Error: ENOENT: no such file or directory, open 'C:\Users\cubad\Desktop\RealPractice\hosting\.next\server\middleware-manifest.json'
[error] 
[error] Error: An unexpected error has occurred.
[debug] [2024-01-10T21:51:28.776Z] ----------------------------------------------------------------------
[debug] [2024-01-10T21:51:28.779Z] Command:       C:\Program Files\nodejs\node.exe C:\Users\cubad\AppData\Roaming\npm\node_modules\firebase-tools\lib\bin\firebase.js deploy
[debug] [2024-01-10T21:51:28.780Z] CLI Version:   13.0.3
[debug] [2024-01-10T21:51:28.780Z] Platform:      win32
[debug] [2024-01-10T21:51:28.780Z] Node Version:  v18.16.0
[debug] [2024-01-10T21:51:28.782Z] Time:          Wed Jan 10 2024 15:51:28 GMT-0600 (Central Standard Time)
[debug] [2024-01-10T21:51:28.782Z] ----------------------------------------------------------------------
[debug] 
[debug] [2024-01-10T21:51:28.857Z] > command requires scopes: ["email","openid","https://www.googleapis.com/auth/cloudplatformprojects.readonly","https://www.googleapis.com/auth/firebase","https://www.googleapis.com/auth/cloud-platform"]
[debug] [2024-01-10T21:51:28.857Z] > authorizing via signed-in user (cubadox@gmail.com)
[debug] [2024-01-10T21:51:28.857Z] [iam] checking project focus-ensign-410701 for permissions ["firebase.projects.get","firebasehosting.sites.update"]
[debug] [2024-01-10T21:51:28.859Z] >>> [apiv2][query] POST https://cloudresourcemanager.googleapis.com/v1/projects/focus-ensign-410701:testIamPermissions [none]
[debug] [2024-01-10T21:51:28.859Z] >>> [apiv2][(partial)header] POST https://cloudresourcemanager.googleapis.com/v1/projects/focus-ensign-410701:testIamPermissions x-goog-quota-user=projects/focus-ensign-410701
[debug] [2024-01-10T21:51:28.860Z] >>> [apiv2][body] POST https://cloudresourcemanager.googleapis.com/v1/projects/focus-ensign-410701:testIamPermissions {"permissions":["firebase.projects.get","firebasehosting.sites.update"]}
[debug] [2024-01-10T21:51:29.129Z] <<< [apiv2][status] POST https://cloudresourcemanager.googleapis.com/v1/projects/focus-ensign-410701:testIamPermissions 200
[debug] [2024-01-10T21:51:29.130Z] <<< [apiv2][body] POST https://cloudresourcemanager.googleapis.com/v1/projects/focus-ensign-410701:testIamPermissions {"permissions":["firebase.projects.get","firebasehosting.sites.update"]}
[debug] [2024-01-10T21:51:29.131Z] >>> [apiv2][query] GET https://firebase.googleapis.com/v1beta1/projects/focus-ensign-410701 [none]
[debug] [2024-01-10T21:51:29.310Z] <<< [apiv2][status] GET https://firebase.googleapis.com/v1beta1/projects/focus-ensign-410701 200
[debug] [2024-01-10T21:51:29.310Z] <<< [apiv2][body] GET https://firebase.googleapis.com/v1beta1/projects/focus-ensign-410701 {"projectId":"focus-ensign-410701","projectNumber":"935894316426","displayName":"RealPractice","name":"projects/focus-ensign-410701","resources":{"hostingSite":"focus-ensign-410701","realtimeDatabaseInstance":"focus-ensign-410701-default-rtdb"},"state":"ACTIVE","etag":"1_ce2c6337-ea78-4c65-be71-7c8fcb2800c6"}
[debug] [2024-01-10T21:51:33.598Z] >>> [apiv2][query] GET https://firebasehosting.googleapis.com/v1beta1/projects/focus-ensign-410701/sites pageToken=&pageSize=10
[debug] [2024-01-10T21:51:34.322Z] <<< [apiv2][status] GET https://firebasehosting.googleapis.com/v1beta1/projects/focus-ensign-410701/sites 200
[debug] [2024-01-10T21:51:34.323Z] <<< [apiv2][body] GET https://firebasehosting.googleapis.com/v1beta1/projects/focus-ensign-410701/sites {"sites":[{"name":"projects/focus-ensign-410701/sites/focus-ensign-410701","defaultUrl":"https://focus-ensign-410701.web.app","appId":"1:935894316426:web:ae8e9bf19cddf509694473","type":"DEFAULT_SITE"}]}
[debug] [2024-01-10T21:51:34.324Z] >>> [apiv2][query] GET https://firebase.googleapis.com/v1beta1/projects/-/webApps/1:935894316426:web:ae8e9bf19cddf509694473/config [none]
[debug] [2024-01-10T21:51:34.628Z] <<< [apiv2][status] GET https://firebase.googleapis.com/v1beta1/projects/-/webApps/1:935894316426:web:ae8e9bf19cddf509694473/config 200
[debug] [2024-01-10T21:51:34.628Z] <<< [apiv2][body] GET https://firebase.googleapis.com/v1beta1/projects/-/webApps/1:935894316426:web:ae8e9bf19cddf509694473/config {"projectId":"focus-ensign-410701","appId":"1:935894316426:web:ae8e9bf19cddf509694473","databaseURL":"https://focus-ensign-410701-default-rtdb.firebaseio.com","storageBucket":"focus-ensign-410701.appspot.com","apiKey":"AIzaSyDQIQM98n6wuY-bPhh_Rdj5oTrHAdJT-H8","authDomain":"focus-ensign-410701.firebaseapp.com","messagingSenderId":"935894316426","measurementId":"G-9RSPP8HSER"}
[info] 
   Thank you for trying our early preview of Next.js support on Firebase Hosting.
   During the preview, support is best-effort and breaking changes can be expected. Proceed with caution.

   Documentation: https://firebase.google.com/docs/hosting/frameworks/nextjs
   File a bug: https://github.com/firebase/firebase-tools/issues/new?template=bug_report.md
   Submit a feature request: https://github.com/firebase/firebase-tools/issues/new?template=feature_request.md

   We'd love to learn from you. Express your interest in helping us shape the future of Firebase Hosting: https://goo.gle/41enW5X

[debug] [2024-01-10T21:51:43.181Z] >>> [apiv2][query] GET https://firebasehosting.googleapis.com/v1beta1/projects/focus-ensign-410701/sites/focus-ensign-410701 [none]
[debug] [2024-01-10T21:51:43.648Z] <<< [apiv2][status] GET https://firebasehosting.googleapis.com/v1beta1/projects/focus-ensign-410701/sites/focus-ensign-410701 200
[debug] [2024-01-10T21:51:43.648Z] <<< [apiv2][body] GET https://firebasehosting.googleapis.com/v1beta1/projects/focus-ensign-410701/sites/focus-ensign-410701 {"name":"projects/focus-ensign-410701/sites/focus-ensign-410701","defaultUrl":"https://focus-ensign-410701.web.app","appId":"1:935894316426:web:ae8e9bf19cddf509694473","type":"DEFAULT_SITE"}
[info] You are using Node.js 18.16.0. For Next.js, Node.js version >= v18.17.0 is required.

[debug] [2024-01-10T21:51:43.879Z] Error: ENOENT: no such file or directory, open 'C:\Users\cubad\Desktop\RealPractice\hosting\.next\server\middleware-manifest.json'
[error] 
[error] Error: An unexpected error has occurred.
